2026-06-29 09:04:25,207-INFO-Heart Disease Model Training initialized...
2026-06-29 09:04:25,210-INFO-Starting Heart Disease Model Training Pipeline with MLflow...
2026-06-29 09:04:25,210-INFO-Preparing data from Redis...
2026-06-29 09:04:25,281-INFO-Total records found in Redis: 606
2026-06-29 09:04:25,283-INFO-Extracting data from Redis
2026-06-29 09:04:25,685-INFO-Extracting data from Redis
2026-06-29 09:04:25,811-INFO-Data prepared successfully. Train: (237, 13), Test: (66, 13)
2026-06-29 09:04:29,510-INFO-Training Logistic Regression...
2026-06-29 09:04:29,542-INFO-Logistic Regression - Accuracy: 0.8182, ROC-AUC: 0.8714
2026-06-29 09:04:29,563-INFO-Logistic Regression Evaluation Metrics: {'accuracy': 0.48484848484848486, 'precision': 0.4603174603174603, 'recall': 1.0, 'f1_score': 0.6304347826086957, 'roc_auc': 0.630009319664492}
2026-06-29 09:04:29,585-INFO-Training Random Forest with Hyperparameter Tuning...
2026-06-29 09:04:46,728-INFO-Best Random Forest Params: {'n_estimators': 300, 'min_samples_split': 5, 'min_samples_leaf': 1, 'max_features': 'sqrt', 'max_depth': None}
2026-06-29 09:04:46,816-INFO-Random Forest - Accuracy: 0.8182, ROC-AUC: 0.8714
2026-06-29 09:04:46,871-INFO-Random Forest Evaluation Metrics: {'accuracy': 0.8181818181818182, 'precision': 0.84, 'recall': 0.7241379310344828, 'f1_score': 0.7777777777777778, 'roc_auc': 0.8713886300093197}
2026-06-29 09:04:46,895-INFO-Training Keras Neural Network...
2026-06-29 09:04:47,131-WARNING-TensorFlow GPU support is not available on native Windows for TensorFlow >= 2.11. Even if CUDA/cuDNN are installed, GPU will not be used. Please use WSL2 or the TensorFlow-DirectML plugin.
2026-06-29 09:04:55,497-INFO-Keras Neural Network - Accuracy: 0.8030, ROC-AUC: 0.8602
2026-06-29 09:04:55,621-INFO-Keras Neural Network Evaluation Metrics: {'accuracy': 0.5454545454545454, 'precision': 0.4915254237288136, 'recall': 1.0, 'f1_score': 0.6590909090909091, 'roc_auc': 0.7222739981360671}
2026-06-29 09:04:55,638-INFO-Best Model: Random_Forest with ROC-AUC: 0.8714
2026-06-29 09:05:18,819-INFO-Models saved successfully: Logistic Regression, Random Forest, Keras Neural Network
2026-06-29 09:05:18,819-INFO-Model Training Pipeline completed successfully with MLflow tracking.
2026-06-29 09:10:31,736-INFO-Heart Disease Model Training initialized...
2026-06-29 09:10:31,737-INFO-Starting Heart Disease Model Training Pipeline with MLflow...
2026-06-29 09:10:31,737-INFO-Preparing data from Redis...
2026-06-29 09:10:31,763-INFO-Total records found in Redis: 606
2026-06-29 09:10:31,766-INFO-Extracting data from Redis
2026-06-29 09:10:32,154-INFO-Extracting data from Redis
2026-06-29 09:10:32,278-INFO-Data prepared successfully. Train: (237, 13), Test: (66, 13)
2026-06-29 09:10:34,369-INFO-Training Logistic Regression...
2026-06-29 09:10:34,395-INFO-Logistic Regression - Accuracy: 0.8182, ROC-AUC: 0.8714
2026-06-29 09:10:34,413-INFO-Logistic Regression Evaluation Metrics: {'accuracy': 0.48484848484848486, 'precision': 0.4603174603174603, 'recall': 1.0, 'f1_score': 0.6304347826086957, 'roc_auc': 0.630009319664492}
2026-06-29 09:10:34,437-INFO-Training Random Forest with Hyperparameter Tuning...
2026-06-29 09:10:51,519-INFO-Best Random Forest Params: {'n_estimators': 300, 'min_samples_split': 5, 'min_samples_leaf': 1, 'max_features': 'sqrt', 'max_depth': None}
2026-06-29 09:10:51,615-INFO-Random Forest - Accuracy: 0.8182, ROC-AUC: 0.8714
2026-06-29 09:10:51,668-INFO-Random Forest Evaluation Metrics: {'accuracy': 0.8181818181818182, 'precision': 0.84, 'recall': 0.7241379310344828, 'f1_score': 0.7777777777777778, 'roc_auc': 0.8713886300093197}
2026-06-29 09:10:51,687-INFO-Training Keras Neural Network...
2026-06-29 09:10:51,934-WARNING-TensorFlow GPU support is not available on native Windows for TensorFlow >= 2.11. Even if CUDA/cuDNN are installed, GPU will not be used. Please use WSL2 or the TensorFlow-DirectML plugin.
2026-06-29 09:11:01,326-INFO-Keras Neural Network - Accuracy: 0.8182, ROC-AUC: 0.8593
2026-06-29 09:11:01,536-INFO-Keras Neural Network Evaluation Metrics: {'accuracy': 0.6818181818181818, 'precision': 0.5833333333333334, 'recall': 0.9655172413793104, 'f1_score': 0.7272727272727273, 'roc_auc': 0.7157502329916123}
2026-06-29 09:11:23,063-INFO-Best Model Logged to MLflow: Random_Forest (ROC-AUC: 0.8714)
2026-06-29 09:11:23,063-INFO-Model Training Pipeline completed successfully.
2026-06-29 09:22:57,494-INFO-Heart Disease Model Training initialized...
2026-06-29 09:22:57,496-INFO-Starting Heart Disease Model Training Pipeline with MLflow...
2026-06-29 09:22:57,496-INFO-Preparing data from Redis...
2026-06-29 09:22:57,518-INFO-Total records found in Redis: 606
2026-06-29 09:22:57,520-INFO-Extracting data from Redis
2026-06-29 09:22:57,915-INFO-Extracting data from Redis
2026-06-29 09:22:58,023-INFO-Data prepared successfully. Train: (237, 13), Test: (66, 13)
2026-06-29 09:22:59,880-INFO-Training Logistic Regression...
2026-06-29 09:22:59,897-INFO-Logistic Regression - Accuracy: 0.8182, ROC-AUC: 0.8714
2026-06-29 09:22:59,920-INFO-Logistic Regression Evaluation Metrics: {'accuracy': 0.48484848484848486, 'precision': 0.4603174603174603, 'recall': 1.0, 'f1_score': 0.6304347826086957, 'roc_auc': 0.630009319664492}
2026-06-29 09:22:59,947-INFO-Training Random Forest with Hyperparameter Tuning...
2026-06-29 09:23:20,651-INFO-Best Random Forest Params: {'n_estimators': 300, 'min_samples_split': 5, 'min_samples_leaf': 1, 'max_features': 'sqrt', 'max_depth': None}
2026-06-29 09:23:20,791-INFO-Random Forest - Accuracy: 0.8182, ROC-AUC: 0.8714
2026-06-29 09:23:20,891-INFO-Random Forest Evaluation Metrics: {'accuracy': 0.8181818181818182, 'precision': 0.84, 'recall': 0.7241379310344828, 'f1_score': 0.7777777777777778, 'roc_auc': 0.8713886300093197}
2026-06-29 09:23:20,916-INFO-Training Keras Neural Network...
2026-06-29 09:23:21,116-WARNING-TensorFlow GPU support is not available on native Windows for TensorFlow >= 2.11. Even if CUDA/cuDNN are installed, GPU will not be used. Please use WSL2 or the TensorFlow-DirectML plugin.
2026-06-29 09:23:30,709-INFO-Keras Neural Network - Accuracy: 0.8182, ROC-AUC: 0.8593
2026-06-29 09:23:30,865-INFO-Keras Neural Network Evaluation Metrics: {'accuracy': 0.4393939393939394, 'precision': 0.4393939393939394, 'recall': 1.0, 'f1_score': 0.6105263157894737, 'roc_auc': 0.5}
2026-06-29 09:23:51,994-INFO-Best Model Logged to MLflow: Random_Forest (ROC-AUC: 0.8714)
2026-06-29 09:23:51,994-INFO-Model Training Pipeline completed successfully.
2026-06-29 09:39:35,849-INFO-========== Starting Heart Disease Training Pipeline ==========
2026-06-29 09:39:37,678-INFO-Step 1: Running Data Preprocessing...
2026-06-29 09:39:37,685-INFO-Heart Disease Data Processing initialized...
2026-06-29 09:39:37,685-INFO-Starting Heart Disease Data Processing Pipeline...
2026-06-29 09:39:37,700-INFO-Data loaded successfully
2026-06-29 09:39:37,716-INFO-Data preprocessing completed successfully
2026-06-29 09:39:37,729-INFO-Data split completed. Train: (227, 13), Test: (76, 13)
2026-06-29 09:39:38,120-INFO-Features stored successfully in Redis
2026-06-29 09:39:38,120-INFO-Heart Disease Data Processing Pipeline completed successfully
2026-06-29 09:39:38,120-INFO-Data Preprocessing completed successfully.
2026-06-29 09:39:38,121-INFO-Step 2: Running Model Training...
2026-06-29 09:39:38,121-INFO-Heart Disease Model Training initialized...
2026-06-29 09:39:38,122-INFO-Starting Heart Disease Model Training Pipeline with MLflow...
2026-06-29 09:39:38,122-INFO-Preparing data from Redis...
2026-06-29 09:39:38,126-INFO-Total records found in Redis: 606
2026-06-29 09:39:38,127-INFO-Extracting data from Redis
2026-06-29 09:39:38,569-INFO-Extracting data from Redis
2026-06-29 09:39:38,684-INFO-Data prepared successfully. Train: (237, 13), Test: (66, 13)
2026-06-29 09:39:38,690-ERROR-Error in Model Training Pipeline: Run with UUID 2a17481b24b4478286d24994e58209f3 is already active. To start a new run, first end the current run with mlflow.end_run(). To start a nested run, call start_run with nested=True
2026-06-29 09:39:38,712-ERROR-Error in Training Pipeline: Error in C:\Users\ramba\Desktop\MLOps Assignment\src\model_training.py, line 310 : Run with UUID 2a17481b24b4478286d24994e58209f3 is already active. To start a new run, first end the current run with mlflow.end_run(). To start a nested run, call start_run with nested=True
2026-06-29 09:44:08,528-INFO-========== Starting Heart Disease Training Pipeline ==========
2026-06-29 09:44:08,529-INFO-Step 1: Running Data Preprocessing...
2026-06-29 09:44:08,532-INFO-Heart Disease Data Processing initialized...
2026-06-29 09:44:08,532-INFO-Starting Heart Disease Data Processing Pipeline...
2026-06-29 09:44:08,537-INFO-Data loaded successfully
2026-06-29 09:44:08,543-INFO-Data preprocessing completed successfully
2026-06-29 09:44:08,548-INFO-Data split completed. Train: (227, 13), Test: (76, 13)
2026-06-29 09:44:08,857-INFO-Features stored successfully in Redis
2026-06-29 09:44:08,858-INFO-Heart Disease Data Processing Pipeline completed successfully
2026-06-29 09:44:08,858-INFO-Data Preprocessing completed successfully.
2026-06-29 09:44:08,858-INFO-Step 2: Running Model Training...
2026-06-29 09:44:08,858-INFO-Heart Disease Model Training initialized...
2026-06-29 09:44:08,859-INFO-Starting Heart Disease Model Training with MLflow...
2026-06-29 09:44:10,629-INFO-Preparing data from Redis...
2026-06-29 09:44:10,634-INFO-Total records found in Redis: 606
2026-06-29 09:44:10,636-INFO-Extracting data from Redis
2026-06-29 09:44:11,093-INFO-Extracting data from Redis
2026-06-29 09:44:11,206-INFO-Data prepared successfully. Train: (237, 13), Test: (66, 13)
2026-06-29 09:44:11,246-INFO-Training Logistic Regression...
2026-06-29 09:44:11,276-INFO-Logistic Regression - Accuracy: 0.8182, ROC-AUC: 0.8714
2026-06-29 09:44:11,296-INFO-Logistic Regression Evaluation Metrics: {'accuracy': 0.48484848484848486, 'precision': 0.4603174603174603, 'recall': 1.0, 'f1_score': 0.6304347826086957, 'roc_auc': 0.630009319664492}
2026-06-29 09:44:11,320-INFO-Training Random Forest with Hyperparameter Tuning...
2026-06-29 09:44:28,643-INFO-Best Random Forest Params: {'n_estimators': 300, 'min_samples_split': 5, 'min_samples_leaf': 1, 'max_features': 'sqrt', 'max_depth': None}
2026-06-29 09:44:28,728-INFO-Random Forest - Accuracy: 0.8182, ROC-AUC: 0.8714
2026-06-29 09:44:28,784-INFO-Random Forest Evaluation Metrics: {'accuracy': 0.8181818181818182, 'precision': 0.84, 'recall': 0.7241379310344828, 'f1_score': 0.7777777777777778, 'roc_auc': 0.8713886300093197}
2026-06-29 09:44:28,802-INFO-Training Keras Neural Network...
2026-06-29 09:44:29,039-WARNING-TensorFlow GPU support is not available on native Windows for TensorFlow >= 2.11. Even if CUDA/cuDNN are installed, GPU will not be used. Please use WSL2 or the TensorFlow-DirectML plugin.
2026-06-29 09:44:37,056-INFO-Keras Neural Network - Accuracy: 0.8333, ROC-AUC: 0.8733
2026-06-29 09:44:37,182-INFO-Keras Neural Network Evaluation Metrics: {'accuracy': 0.4393939393939394, 'precision': 0.4393939393939394, 'recall': 1.0, 'f1_score': 0.6105263157894737, 'roc_auc': 0.5}
2026-06-29 09:44:59,142-INFO-Best Model: Random_Forest with ROC-AUC = 0.8714
2026-06-29 09:44:59,142-INFO-Model Training completed successfully with MLflow tracking.
2026-06-29 09:44:59,157-INFO-Model Training completed successfully.
2026-06-29 09:44:59,157-INFO-========== Training Pipeline Completed Successfully ==========
2026-06-29 09:52:52,841-INFO-Loading trained models...
2026-06-29 09:52:52,842-ERROR-Error while loading models: No models found in the model directory.
